Using pre-set license
Built from '2021.3/staging' branch; Version is '2021.3.4f1 (cb45f9cae8b7) revision 13321721'; Using compiler version '192829333'; Build Type 'Release'
OS: 'Windows 10  (10.0.19044) 64bit Core' Language: 'pl' Physical Memory: 16321 MB
BatchMode: 1, IsHumanControllingUs: 0, StartBugReporterOnCrash: 0, Is64bit: 1, IsPro: 1

COMMAND LINE ARGUMENTS:
D:\Programy\Unity\2021.3.4f1\Editor\Unity.exe
-adb2
-batchMode
-noUpm
-name
AssetImportWorker2
-projectPath
D:/.dev/game projects/2d-platform-game-in-3d/tryingtolearn
-logFile
Logs/AssetImportWorker2.log
-srvPort
49427
Successfully changed project path to: D:/.dev/game projects/2d-platform-game-in-3d/tryingtolearn
D:/.dev/game projects/2d-platform-game-in-3d/tryingtolearn
[UnityMemory] Configuration Parameters - Can be set up in boot.config
    "memorysetup-bucket-allocator-granularity=16"
    "memorysetup-bucket-allocator-bucket-count=8"
    "memorysetup-bucket-allocator-block-size=33554432"
    "memorysetup-bucket-allocator-block-count=8"
    "memorysetup-main-allocator-block-size=16777216"
    "memorysetup-thread-allocator-block-size=16777216"
    "memorysetup-gfx-main-allocator-block-size=16777216"
    "memorysetup-gfx-thread-allocator-block-size=16777216"
    "memorysetup-cache-allocator-block-size=4194304"
    "memorysetup-typetree-allocator-block-size=2097152"
    "memorysetup-profiler-bucket-allocator-granularity=16"
    "memorysetup-profiler-bucket-allocator-bucket-count=8"
    "memorysetup-profiler-bucket-allocator-block-size=33554432"
    "memorysetup-profiler-bucket-allocator-block-count=8"
    "memorysetup-profiler-allocator-block-size=16777216"
    "memorysetup-profiler-editor-allocator-block-size=1048576"
    "memorysetup-temp-allocator-size-main=16777216"
    "memorysetup-job-temp-allocator-block-size=2097152"
    "memorysetup-job-temp-allocator-block-size-background=1048576"
    "memorysetup-job-temp-allocator-reduction-small-platforms=262144"
    "memorysetup-temp-allocator-size-background-worker=32768"
    "memorysetup-temp-allocator-size-job-worker=262144"
    "memorysetup-temp-allocator-size-preload-manager=33554432"
    "memorysetup-temp-allocator-size-nav-mesh-worker=65536"
    "memorysetup-temp-allocator-size-audio-worker=65536"
    "memorysetup-temp-allocator-size-cloud-worker=32768"
    "memorysetup-temp-allocator-size-gi-baking-worker=262144"
    "memorysetup-temp-allocator-size-gfx=262144"
Refreshing native plugins compatible for Editor in 109.53 ms, found 3 plugins.
Preloading 0 native plugins for Editor in 0.00 ms.
Initialize engine version: 2021.3.4f1 (cb45f9cae8b7)
[Subsystems] Discovering subsystems at path D:/Programy/Unity/2021.3.4f1/Editor/Data/Resources/UnitySubsystems
[Subsystems] Discovering subsystems at path D:/.dev/game projects/2d-platform-game-in-3d/tryingtolearn/Assets
GfxDevice: creating device client; threaded=0; jobified=0
Direct3D:
    Version:  Direct3D 11.0 [level 11.1]
    Renderer: NVIDIA GeForce GTX 970 (ID=0x13c2)
    Vendor:   NVIDIA
    VRAM:     4043 MB
    Driver:   27.21.14.5671
Initialize mono
Mono path[0] = 'D:/Programy/Unity/2021.3.4f1/Editor/Data/Managed'
Mono path[1] = 'D:/Programy/Unity/2021.3.4f1/Editor/Data/MonoBleedingEdge/lib/mono/unityjit-win32'
Mono config path = 'D:/Programy/Unity/2021.3.4f1/Editor/Data/MonoBleedingEdge/etc'
Using monoOptions --debugger-agent=transport=dt_socket,embedding=1,server=y,suspend=n,address=127.0.0.1:56156
Begin MonoManager ReloadAssembly
Registering precompiled unity dll's ...
Register platform support module: D:/Programy/Unity/2021.3.4f1/Editor/Data/PlaybackEngines/WebGLSupport/UnityEditor.WebGL.Extensions.dll
Register platform support module: D:/Programy/Unity/2021.3.4f1/Editor/Data/PlaybackEngines/WindowsStandaloneSupport/UnityEditor.WindowsStandalone.Extensions.dll
Registered in 0.003478 seconds.
Native extension for WindowsStandalone target not found
Native extension for WebGL target not found
Refreshing native plugins compatible for Editor in 98.11 ms, found 3 plugins.
Preloading 0 native plugins for Editor in 0.00 ms.
Mono: successfully reloaded assembly
- Completed reload, in  0.734 seconds
Domain Reload Profiling:
	ReloadAssembly (734ms)
		BeginReloadAssembly (86ms)
			ExecutionOrderSort (0ms)
			DisableScriptedObjects (0ms)
			BackupInstance (0ms)
			ReleaseScriptingObjects (0ms)
			CreateAndSetChildDomain (1ms)
		EndReloadAssembly (532ms)
			LoadAssemblies (85ms)
			RebuildTransferFunctionScriptingTraits (0ms)
			SetupTypeCache (119ms)
			ReleaseScriptCaches (0ms)
			RebuildScriptCaches (33ms)
			SetupLoadedEditorAssemblies (326ms)
				LogAssemblyErrors (0ms)
				InitializePlatformSupportModulesInManaged (9ms)
				SetLoadedEditorAssemblies (0ms)
				RefreshPlugins (98ms)
				BeforeProcessingInitializeOnLoad (1ms)
				ProcessInitializeOnLoadAttributes (165ms)
				ProcessInitializeOnLoadMethodAttributes (52ms)
				AfterProcessingInitializeOnLoad (0ms)
				EditorAssembliesLoaded (0ms)
			ExecutionOrderSort2 (0ms)
			AwakeInstancesAfterBackupRestoration (0ms)
Platform modules already initialized, skipping
Registering precompiled user dll's ...
Registered in 0.004246 seconds.
Begin MonoManager ReloadAssembly
Symbol file LoadedFromMemory doesn't match image D:\.dev\game projects\2d-platform-game-in-3d\tryingtolearn\Library\PackageCache\com.unity.visualscripting@1.7.8\Editor\VisualScripting.Core\Dependencies\YamlDotNet\Unity.VisualScripting.YamlDotNet.dll
Symbol file LoadedFromMemory doesn't match image D:\.dev\game projects\2d-platform-game-in-3d\tryingtolearn\Library\PackageCache\com.unity.visualscripting@1.7.8\Editor\VisualScripting.Core\Dependencies\DotNetZip\Unity.VisualScripting.IonicZip.dll
Native extension for WindowsStandalone target not found
Native extension for WebGL target not found
Refreshing native plugins compatible for Editor in 0.70 ms, found 3 plugins.
Preloading 0 native plugins for Editor in 0.00 ms.
Mono: successfully reloaded assembly
- Completed reload, in  1.245 seconds
Domain Reload Profiling:
	ReloadAssembly (1246ms)
		BeginReloadAssembly (130ms)
			ExecutionOrderSort (0ms)
			DisableScriptedObjects (8ms)
			BackupInstance (0ms)
			ReleaseScriptingObjects (0ms)
			CreateAndSetChildDomain (23ms)
		EndReloadAssembly (987ms)
			LoadAssemblies (86ms)
			RebuildTransferFunctionScriptingTraits (0ms)
			SetupTypeCache (307ms)
			ReleaseScriptCaches (1ms)
			RebuildScriptCaches (55ms)
			SetupLoadedEditorAssemblies (492ms)
				LogAssemblyErrors (0ms)
				InitializePlatformSupportModulesInManaged (6ms)
				SetLoadedEditorAssemblies (1ms)
				RefreshPlugins (1ms)
				BeforeProcessingInitializeOnLoad (100ms)
				ProcessInitializeOnLoadAttributes (334ms)
				ProcessInitializeOnLoadMethodAttributes (44ms)
				AfterProcessingInitializeOnLoad (5ms)
				EditorAssembliesLoaded (0ms)
			ExecutionOrderSort2 (0ms)
			AwakeInstancesAfterBackupRestoration (8ms)
Platform modules already initialized, skipping
========================================================================
Worker process is ready to serve import requests
Launched and connected shader compiler UnityShaderCompiler.exe after 0.18 seconds
Refreshing native plugins compatible for Editor in 0.62 ms, found 3 plugins.
Preloading 0 native plugins for Editor in 0.00 ms.
Unloading 3371 Unused Serialized files (Serialized files now loaded: 0)
Unloading 27 unused Assets / (111.1 KB). Loaded Objects now: 3846.
Memory consumption went from 128.6 MB to 128.5 MB.
Total: 3.422600 ms (FindLiveObjects: 0.299800 ms CreateObjectMapping: 0.156400 ms MarkObjects: 2.854300 ms  DeleteObjects: 0.111000 ms)

AssetImportParameters requested are different than current active one (requested -> active):
  custom:video-decoder-ogg-theora: a1e56fd34408186e4bbccfd4996cb3dc -> 
  custom:container-muxer-webm: aa71ff27fc2769a1b78a27578f13a17b -> 
  custom:container-demuxer-webm: 4f35f7cbe854078d1ac9338744f61a02 -> 
  custom:video-encoder-webm-vp8: eb34c28f22e8b96e1ab97ce403110664 -> 
  custom:audio-encoder-webm-vorbis: bf7c407c2cedff20999df2af8eb42d56 -> 
  custom:framework-win-MediaFoundation: 216162199b28c13a410421893ffa2e32 -> 
  custom:container-demuxer-ogg: 62fdf1f143b41e24485cea50d1cbac27 -> 
  custom:video-decoder-webm-vp8: 9c59270c3fd7afecdb556c50c9e8de78 -> 
  custom:audio-decoder-ogg-vorbis: bf7c407c2cedff20999df2af8eb42d56 -> 
========================================================================
Received Import Request.
  Time since last request: 49675.206364 seconds.
  path: Assets/Prefabs/dangerous/motherfucker Variant.prefab
  artifactKey: Guid(5faa8fcfab0a5a14389a687d1deb9e25) Importer(815301076,1909f56bfc062723c751e8b465ee728b)
Start importing Assets/Prefabs/dangerous/motherfucker Variant.prefab using Guid(5faa8fcfab0a5a14389a687d1deb9e25) Importer(815301076,1909f56bfc062723c751e8b465ee728b)  -> (artifact id: 'f75707b418fb541e00a97abb536ff600') in 0.138957 seconds 
========================================================================
Received Import Request.
  Time since last request: 111.983483 seconds.
  path: Assets/Prefabs/dangerous/motherfucker Variant.prefab
  artifactKey: Guid(5faa8fcfab0a5a14389a687d1deb9e25) Importer(815301076,1909f56bfc062723c751e8b465ee728b)
Start importing Assets/Prefabs/dangerous/motherfucker Variant.prefab using Guid(5faa8fcfab0a5a14389a687d1deb9e25) Importer(815301076,1909f56bfc062723c751e8b465ee728b)  -> (artifact id: 'aee5b1141f9eef70c7f3c38e9f239f01') in 0.014362 seconds 
========================================================================
Received Import Request.
  Time since last request: 86.563940 seconds.
  path: Assets/Prefabs/dangerous/motherfucker Variant.prefab
  artifactKey: Guid(5faa8fcfab0a5a14389a687d1deb9e25) Importer(815301076,1909f56bfc062723c751e8b465ee728b)
Start importing Assets/Prefabs/dangerous/motherfucker Variant.prefab using Guid(5faa8fcfab0a5a14389a687d1deb9e25) Importer(815301076,1909f56bfc062723c751e8b465ee728b)  -> (artifact id: 'f62d103c53fdf3aef149858fb4fcc3bc') in 0.014298 seconds 
========================================================================
Received Prepare
Registering precompiled user dll's ...
Registered in 0.003919 seconds.
Begin MonoManager ReloadAssembly
Symbol file LoadedFromMemory doesn't match image D:\.dev\game projects\2d-platform-game-in-3d\tryingtolearn\Library\PackageCache\com.unity.visualscripting@1.7.8\Editor\VisualScripting.Core\Dependencies\YamlDotNet\Unity.VisualScripting.YamlDotNet.dll
Symbol file LoadedFromMemory doesn't match image D:\.dev\game projects\2d-platform-game-in-3d\tryingtolearn\Library\PackageCache\com.unity.visualscripting@1.7.8\Editor\VisualScripting.Core\Dependencies\DotNetZip\Unity.VisualScripting.IonicZip.dll
Native extension for WindowsStandalone target not found
Native extension for WebGL target not found
Refreshing native plugins compatible for Editor in 0.70 ms, found 3 plugins.
Preloading 0 native plugins for Editor in 0.00 ms.
Mono: successfully reloaded assembly
- Completed reload, in  1.124 seconds
Domain Reload Profiling:
	ReloadAssembly (1125ms)
		BeginReloadAssembly (144ms)
			ExecutionOrderSort (0ms)
			DisableScriptedObjects (6ms)
			BackupInstance (0ms)
			ReleaseScriptingObjects (0ms)
			CreateAndSetChildDomain (40ms)
		EndReloadAssembly (874ms)
			LoadAssemblies (82ms)
			RebuildTransferFunctionScriptingTraits (0ms)
			SetupTypeCache (312ms)
			ReleaseScriptCaches (1ms)
			RebuildScriptCaches (52ms)
			SetupLoadedEditorAssemblies (379ms)
				LogAssemblyErrors (0ms)
				InitializePlatformSupportModulesInManaged (15ms)
				SetLoadedEditorAssemblies (1ms)
				RefreshPlugins (1ms)
				BeforeProcessingInitializeOnLoad (73ms)
				ProcessInitializeOnLoadAttributes (255ms)
				ProcessInitializeOnLoadMethodAttributes (31ms)
				AfterProcessingInitializeOnLoad (3ms)
				EditorAssembliesLoaded (0ms)
			ExecutionOrderSort2 (0ms)
			AwakeInstancesAfterBackupRestoration (7ms)
Platform modules already initialized, skipping
Refreshing native plugins compatible for Editor in 2.19 ms, found 3 plugins.
Preloading 0 native plugins for Editor in 0.00 ms.
Unloading 3366 Unused Serialized files (Serialized files now loaded: 0)
Unloading 20 unused Assets / (78.5 KB). Loaded Objects now: 3859.
Memory consumption went from 133.0 MB to 132.9 MB.
Total: 3.596000 ms (FindLiveObjects: 0.278200 ms CreateObjectMapping: 0.192800 ms MarkObjects: 3.025100 ms  DeleteObjects: 0.089700 ms)

AssetImportParameters requested are different than current active one (requested -> active):
  custom:video-decoder-ogg-theora: a1e56fd34408186e4bbccfd4996cb3dc -> 
  custom:container-muxer-webm: aa71ff27fc2769a1b78a27578f13a17b -> 
  custom:container-demuxer-webm: 4f35f7cbe854078d1ac9338744f61a02 -> 
  custom:video-encoder-webm-vp8: eb34c28f22e8b96e1ab97ce403110664 -> 
  custom:audio-encoder-webm-vorbis: bf7c407c2cedff20999df2af8eb42d56 -> 
  custom:framework-win-MediaFoundation: 216162199b28c13a410421893ffa2e32 -> 
  custom:container-demuxer-ogg: 62fdf1f143b41e24485cea50d1cbac27 -> 
  custom:video-decoder-webm-vp8: 9c59270c3fd7afecdb556c50c9e8de78 -> 
  custom:audio-decoder-ogg-vorbis: bf7c407c2cedff20999df2af8eb42d56 -> 
========================================================================
Received Import Request.
  Time since last request: 115.935624 seconds.
  path: Assets/Prefabs/dangerous/motherfucker Variant.prefab
  artifactKey: Guid(5faa8fcfab0a5a14389a687d1deb9e25) Importer(815301076,1909f56bfc062723c751e8b465ee728b)
Start importing Assets/Prefabs/dangerous/motherfucker Variant.prefab using Guid(5faa8fcfab0a5a14389a687d1deb9e25) Importer(815301076,1909f56bfc062723c751e8b465ee728b)  -> (artifact id: 'aa83655e1a734eb879e65776f0ff946b') in 0.096517 seconds 
========================================================================
Received Import Request.
  Time since last request: 0.000022 seconds.
  path: Assets/Prefabs/dangerous/motherfucker.prefab
  artifactKey: Guid(4e6c538fa48a148478a9df5c6a8d736b) Importer(815301076,1909f56bfc062723c751e8b465ee728b)
Start importing Assets/Prefabs/dangerous/motherfucker.prefab using Guid(4e6c538fa48a148478a9df5c6a8d736b) Importer(815301076,1909f56bfc062723c751e8b465ee728b)  -> (artifact id: '83f04b1c25fe57211c0da8c9ef6f5c52') in 0.020920 seconds 
========================================================================
Received Import Request.
  Time since last request: 41.446244 seconds.
  path: Assets/Prefabs/dangerous/motherfucker.prefab
  artifactKey: Guid(4e6c538fa48a148478a9df5c6a8d736b) Importer(815301076,1909f56bfc062723c751e8b465ee728b)
Start importing Assets/Prefabs/dangerous/motherfucker.prefab using Guid(4e6c538fa48a148478a9df5c6a8d736b) Importer(815301076,1909f56bfc062723c751e8b465ee728b)  -> (artifact id: '9fc998cad04b3eea9340ce042e9c33fa') in 0.016133 seconds 
========================================================================
Received Import Request.
  Time since last request: 12.155021 seconds.
  path: Assets/Prefabs/dangerous/motherfucker.prefab
  artifactKey: Guid(4e6c538fa48a148478a9df5c6a8d736b) Importer(815301076,1909f56bfc062723c751e8b465ee728b)
Start importing Assets/Prefabs/dangerous/motherfucker.prefab using Guid(4e6c538fa48a148478a9df5c6a8d736b) Importer(815301076,1909f56bfc062723c751e8b465ee728b)  -> (artifact id: '1ff3170bf28dd776d485359a6e3fe93d') in 0.025631 seconds 
========================================================================
Received Import Request.
  Time since last request: 2.938321 seconds.
  path: Assets/Prefabs/dangerous/motherfucker.prefab
  artifactKey: Guid(4e6c538fa48a148478a9df5c6a8d736b) Importer(815301076,1909f56bfc062723c751e8b465ee728b)
Start importing Assets/Prefabs/dangerous/motherfucker.prefab using Guid(4e6c538fa48a148478a9df5c6a8d736b) Importer(815301076,1909f56bfc062723c751e8b465ee728b)  -> (artifact id: 'a8e6c4d47142c5b70b0824e4b2971726') in 0.012078 seconds 
========================================================================
Received Import Request.
  Time since last request: 4.012150 seconds.
  path: Assets/Prefabs/dangerous/motherfucker.prefab
  artifactKey: Guid(4e6c538fa48a148478a9df5c6a8d736b) Importer(815301076,1909f56bfc062723c751e8b465ee728b)
Start importing Assets/Prefabs/dangerous/motherfucker.prefab using Guid(4e6c538fa48a148478a9df5c6a8d736b) Importer(815301076,1909f56bfc062723c751e8b465ee728b)  -> (artifact id: 'fd59f5c7e27ea2b8f7b51daf472d9acc') in 0.010579 seconds 
========================================================================
Received Import Request.
  Time since last request: 1.628702 seconds.
  path: Assets/Prefabs/dangerous/motherfucker.prefab
  artifactKey: Guid(4e6c538fa48a148478a9df5c6a8d736b) Importer(815301076,1909f56bfc062723c751e8b465ee728b)
Start importing Assets/Prefabs/dangerous/motherfucker.prefab using Guid(4e6c538fa48a148478a9df5c6a8d736b) Importer(815301076,1909f56bfc062723c751e8b465ee728b)  -> (artifact id: '2a79a1816ad23e7eef650449f1755932') in 0.010708 seconds 
========================================================================
Received Import Request.
  Time since last request: 1.768091 seconds.
  path: Assets/Prefabs/dangerous/motherfucker.prefab
  artifactKey: Guid(4e6c538fa48a148478a9df5c6a8d736b) Importer(815301076,1909f56bfc062723c751e8b465ee728b)
Start importing Assets/Prefabs/dangerous/motherfucker.prefab using Guid(4e6c538fa48a148478a9df5c6a8d736b) Importer(815301076,1909f56bfc062723c751e8b465ee728b)  -> (artifact id: '24f3bc970efc0504661aaf9b20a5f04f') in 0.010034 seconds 
========================================================================
Received Import Request.
  Time since last request: 1.903676 seconds.
  path: Assets/Prefabs/dangerous/motherfucker.prefab
  artifactKey: Guid(4e6c538fa48a148478a9df5c6a8d736b) Importer(815301076,1909f56bfc062723c751e8b465ee728b)
Start importing Assets/Prefabs/dangerous/motherfucker.prefab using Guid(4e6c538fa48a148478a9df5c6a8d736b) Importer(815301076,1909f56bfc062723c751e8b465ee728b)  -> (artifact id: 'c5478371f3cb4b507181e413f4a539c1') in 0.008786 seconds 
========================================================================
Received Import Request.
  Time since last request: 3.732861 seconds.
  path: Assets/Prefabs/dangerous/motherfucker.prefab
  artifactKey: Guid(4e6c538fa48a148478a9df5c6a8d736b) Importer(815301076,1909f56bfc062723c751e8b465ee728b)
Start importing Assets/Prefabs/dangerous/motherfucker.prefab using Guid(4e6c538fa48a148478a9df5c6a8d736b) Importer(815301076,1909f56bfc062723c751e8b465ee728b)  -> (artifact id: 'f68ba8149b669d6b0412aa45755ad97f') in 0.010958 seconds 
========================================================================
Received Import Request.
  Time since last request: 3.057680 seconds.
  path: Assets/Prefabs/dangerous/motherfucker.prefab
  artifactKey: Guid(4e6c538fa48a148478a9df5c6a8d736b) Importer(815301076,1909f56bfc062723c751e8b465ee728b)
Start importing Assets/Prefabs/dangerous/motherfucker.prefab using Guid(4e6c538fa48a148478a9df5c6a8d736b) Importer(815301076,1909f56bfc062723c751e8b465ee728b)  -> (artifact id: '499f7ccc8b6bdd5f9af3fe414d457e5f') in 0.009725 seconds 
========================================================================
Received Import Request.
  Time since last request: 12.161102 seconds.
  path: Assets/Prefabs/dangerous/motherfucker.prefab
  artifactKey: Guid(4e6c538fa48a148478a9df5c6a8d736b) Importer(815301076,1909f56bfc062723c751e8b465ee728b)
Start importing Assets/Prefabs/dangerous/motherfucker.prefab using Guid(4e6c538fa48a148478a9df5c6a8d736b) Importer(815301076,1909f56bfc062723c751e8b465ee728b)  -> (artifact id: '6d9925ea874e2ca8758c5df3ebb1dea3') in 0.012540 seconds 
========================================================================
Received Import Request.
  Time since last request: 0.785684 seconds.
  path: Assets/Prefabs/dangerous/motherfucker.prefab
  artifactKey: Guid(4e6c538fa48a148478a9df5c6a8d736b) Importer(815301076,1909f56bfc062723c751e8b465ee728b)
Start importing Assets/Prefabs/dangerous/motherfucker.prefab using Guid(4e6c538fa48a148478a9df5c6a8d736b) Importer(815301076,1909f56bfc062723c751e8b465ee728b)  -> (artifact id: '075be29d82ff40525b753aab37f1bfa3') in 0.010622 seconds 
========================================================================
Received Import Request.
  Time since last request: 3.097816 seconds.
  path: Assets/Prefabs/dangerous/motherfucker.prefab
  artifactKey: Guid(4e6c538fa48a148478a9df5c6a8d736b) Importer(815301076,1909f56bfc062723c751e8b465ee728b)
Start importing Assets/Prefabs/dangerous/motherfucker.prefab using Guid(4e6c538fa48a148478a9df5c6a8d736b) Importer(815301076,1909f56bfc062723c751e8b465ee728b)  -> (artifact id: '3cbca5de6f59d02d21877a803b5a64a4') in 0.011517 seconds 
========================================================================
Received Import Request.
  Time since last request: 17.556462 seconds.
  path: Assets/Prefabs/dangerous/motherfucker.prefab
  artifactKey: Guid(4e6c538fa48a148478a9df5c6a8d736b) Importer(815301076,1909f56bfc062723c751e8b465ee728b)
Start importing Assets/Prefabs/dangerous/motherfucker.prefab using Guid(4e6c538fa48a148478a9df5c6a8d736b) Importer(815301076,1909f56bfc062723c751e8b465ee728b)  -> (artifact id: '47040461538c1dec449426c9f12b9266') in 0.010108 seconds 
========================================================================
Received Import Request.
  Time since last request: 5.369951 seconds.
  path: Assets/Prefabs/dangerous/motherfucker.prefab
  artifactKey: Guid(4e6c538fa48a148478a9df5c6a8d736b) Importer(815301076,1909f56bfc062723c751e8b465ee728b)
Start importing Assets/Prefabs/dangerous/motherfucker.prefab using Guid(4e6c538fa48a148478a9df5c6a8d736b) Importer(815301076,1909f56bfc062723c751e8b465ee728b)  -> (artifact id: 'a55a35d9a34681848c9cbd812bd8bdca') in 0.011491 seconds 
========================================================================
Received Import Request.
  Time since last request: 24.321779 seconds.
  path: Assets/Prefabs/dangerous/motherfucker.prefab
  artifactKey: Guid(4e6c538fa48a148478a9df5c6a8d736b) Importer(815301076,1909f56bfc062723c751e8b465ee728b)
Start importing Assets/Prefabs/dangerous/motherfucker.prefab using Guid(4e6c538fa48a148478a9df5c6a8d736b) Importer(815301076,1909f56bfc062723c751e8b465ee728b)  -> (artifact id: '1456f07cac18d0157a13dad74431c0d1') in 0.012365 seconds 
========================================================================
Received Import Request.
  Time since last request: 8.485387 seconds.
  path: Assets/Prefabs/dangerous/motherfucker.prefab
  artifactKey: Guid(4e6c538fa48a148478a9df5c6a8d736b) Importer(815301076,1909f56bfc062723c751e8b465ee728b)
Start importing Assets/Prefabs/dangerous/motherfucker.prefab using Guid(4e6c538fa48a148478a9df5c6a8d736b) Importer(815301076,1909f56bfc062723c751e8b465ee728b)  -> (artifact id: '34b46bbe720fdba6242b49a517ac8e6b') in 0.012724 seconds 
========================================================================
Received Import Request.
  Time since last request: 4.660998 seconds.
  path: Assets/Prefabs/dangerous/motherfucker.prefab
  artifactKey: Guid(4e6c538fa48a148478a9df5c6a8d736b) Importer(815301076,1909f56bfc062723c751e8b465ee728b)
Start importing Assets/Prefabs/dangerous/motherfucker.prefab using Guid(4e6c538fa48a148478a9df5c6a8d736b) Importer(815301076,1909f56bfc062723c751e8b465ee728b)  -> (artifact id: 'ceae849aa91dd00f55c16c6f998663a0') in 0.009215 seconds 
========================================================================
Received Import Request.
  Time since last request: 5.886492 seconds.
  path: Assets/Prefabs/dangerous/motherfucker.prefab
  artifactKey: Guid(4e6c538fa48a148478a9df5c6a8d736b) Importer(815301076,1909f56bfc062723c751e8b465ee728b)
Start importing Assets/Prefabs/dangerous/motherfucker.prefab using Guid(4e6c538fa48a148478a9df5c6a8d736b) Importer(815301076,1909f56bfc062723c751e8b465ee728b)  -> (artifact id: '808ca6a950ac1699edc1e2d2fad8ec47') in 0.008867 seconds 
========================================================================
Received Import Request.
  Time since last request: 18.142964 seconds.
  path: Assets/Prefabs/dangerous/motherfucker.prefab
  artifactKey: Guid(4e6c538fa48a148478a9df5c6a8d736b) Importer(815301076,1909f56bfc062723c751e8b465ee728b)
Start importing Assets/Prefabs/dangerous/motherfucker.prefab using Guid(4e6c538fa48a148478a9df5c6a8d736b) Importer(815301076,1909f56bfc062723c751e8b465ee728b)  -> (artifact id: '17c2b274e2d28793792e8c9992432ddb') in 0.009225 seconds 
========================================================================
Received Import Request.
  Time since last request: 17.304425 seconds.
  path: Assets/Prefabs/dangerous/motherfucker.prefab
  artifactKey: Guid(4e6c538fa48a148478a9df5c6a8d736b) Importer(815301076,1909f56bfc062723c751e8b465ee728b)
Start importing Assets/Prefabs/dangerous/motherfucker.prefab using Guid(4e6c538fa48a148478a9df5c6a8d736b) Importer(815301076,1909f56bfc062723c751e8b465ee728b)  -> (artifact id: 'c1937c4191a848ba86c2e6c1971f8294') in 0.010078 seconds 
========================================================================
Received Import Request.
  Time since last request: 2.843588 seconds.
  path: Assets/Prefabs/dangerous/motherfucker.prefab
  artifactKey: Guid(4e6c538fa48a148478a9df5c6a8d736b) Importer(815301076,1909f56bfc062723c751e8b465ee728b)
Start importing Assets/Prefabs/dangerous/motherfucker.prefab using Guid(4e6c538fa48a148478a9df5c6a8d736b) Importer(815301076,1909f56bfc062723c751e8b465ee728b)  -> (artifact id: '226d4e0600b9719f01735195cda1ffa5') in 0.014131 seconds 
========================================================================
Received Import Request.
  Time since last request: 7.259725 seconds.
  path: Assets/Prefabs/dangerous/motherfucker.prefab
  artifactKey: Guid(4e6c538fa48a148478a9df5c6a8d736b) Importer(815301076,1909f56bfc062723c751e8b465ee728b)
Start importing Assets/Prefabs/dangerous/motherfucker.prefab using Guid(4e6c538fa48a148478a9df5c6a8d736b) Importer(815301076,1909f56bfc062723c751e8b465ee728b)  -> (artifact id: 'f623dd0aa3545d6b26e8406915b10551') in 0.009369 seconds 
========================================================================
Received Import Request.
  Time since last request: 3.023027 seconds.
  path: Assets/Prefabs/dangerous/motherfucker.prefab
  artifactKey: Guid(4e6c538fa48a148478a9df5c6a8d736b) Importer(815301076,1909f56bfc062723c751e8b465ee728b)
Start importing Assets/Prefabs/dangerous/motherfucker.prefab using Guid(4e6c538fa48a148478a9df5c6a8d736b) Importer(815301076,1909f56bfc062723c751e8b465ee728b)  -> (artifact id: 'b5155213900fa17c55795132928ad867') in 0.011122 seconds 
========================================================================
Received Import Request.
  Time since last request: 5.920713 seconds.
  path: Assets/Prefabs/dangerous/motherfucker.prefab
  artifactKey: Guid(4e6c538fa48a148478a9df5c6a8d736b) Importer(815301076,1909f56bfc062723c751e8b465ee728b)
Start importing Assets/Prefabs/dangerous/motherfucker.prefab using Guid(4e6c538fa48a148478a9df5c6a8d736b) Importer(815301076,1909f56bfc062723c751e8b465ee728b)  -> (artifact id: '07b6e297276bb998e845e336cf3fed82') in 0.012535 seconds 
========================================================================
Received Import Request.
  Time since last request: 5.367697 seconds.
  path: Assets/Prefabs/dangerous/motherfucker.prefab
  artifactKey: Guid(4e6c538fa48a148478a9df5c6a8d736b) Importer(815301076,1909f56bfc062723c751e8b465ee728b)
Start importing Assets/Prefabs/dangerous/motherfucker.prefab using Guid(4e6c538fa48a148478a9df5c6a8d736b) Importer(815301076,1909f56bfc062723c751e8b465ee728b)  -> (artifact id: '656be76a99fad85a2c6544553b31ec35') in 0.011766 seconds 
========================================================================
Received Import Request.
  Time since last request: 2.804412 seconds.
  path: Assets/Prefabs/dangerous/motherfucker.prefab
  artifactKey: Guid(4e6c538fa48a148478a9df5c6a8d736b) Importer(815301076,1909f56bfc062723c751e8b465ee728b)
Start importing Assets/Prefabs/dangerous/motherfucker.prefab using Guid(4e6c538fa48a148478a9df5c6a8d736b) Importer(815301076,1909f56bfc062723c751e8b465ee728b)  -> (artifact id: '672ecb0cdbdf434ba37173f9a3f4c4b8') in 0.010731 seconds 
========================================================================
Received Import Request.
  Time since last request: 23.525597 seconds.
  path: Assets/Prefabs/dangerous/motherfucker.prefab
  artifactKey: Guid(4e6c538fa48a148478a9df5c6a8d736b) Importer(815301076,1909f56bfc062723c751e8b465ee728b)
Start importing Assets/Prefabs/dangerous/motherfucker.prefab using Guid(4e6c538fa48a148478a9df5c6a8d736b) Importer(815301076,1909f56bfc062723c751e8b465ee728b)  -> (artifact id: '99426ef933d0c9772a129891936b321b') in 0.010694 seconds 
========================================================================
Received Import Request.
  Time since last request: 5.017712 seconds.
  path: Assets/Prefabs/dangerous/motherfucker.prefab
  artifactKey: Guid(4e6c538fa48a148478a9df5c6a8d736b) Importer(815301076,1909f56bfc062723c751e8b465ee728b)
Start importing Assets/Prefabs/dangerous/motherfucker.prefab using Guid(4e6c538fa48a148478a9df5c6a8d736b) Importer(815301076,1909f56bfc062723c751e8b465ee728b)  -> (artifact id: '0b51674322edb01a5c0d5c41736b05b7') in 0.177592 seconds 
========================================================================
Received Prepare
Registering precompiled user dll's ...
Registered in 0.003952 seconds.
Begin MonoManager ReloadAssembly
Symbol file LoadedFromMemory doesn't match image D:\.dev\game projects\2d-platform-game-in-3d\tryingtolearn\Library\PackageCache\com.unity.visualscripting@1.7.8\Editor\VisualScripting.Core\Dependencies\YamlDotNet\Unity.VisualScripting.YamlDotNet.dll
Symbol file LoadedFromMemory doesn't match image D:\.dev\game projects\2d-platform-game-in-3d\tryingtolearn\Library\PackageCache\com.unity.visualscripting@1.7.8\Editor\VisualScripting.Core\Dependencies\DotNetZip\Unity.VisualScripting.IonicZip.dll
Native extension for WindowsStandalone target not found
Native extension for WebGL target not found
Refreshing native plugins compatible for Editor in 0.89 ms, found 3 plugins.
Preloading 0 native plugins for Editor in 0.00 ms.
Mono: successfully reloaded assembly
- Completed reload, in  1.271 seconds
Domain Reload Profiling:
	ReloadAssembly (1272ms)
		BeginReloadAssembly (145ms)
			ExecutionOrderSort (0ms)
			DisableScriptedObjects (6ms)
			BackupInstance (0ms)
			ReleaseScriptingObjects (0ms)
			CreateAndSetChildDomain (40ms)
		EndReloadAssembly (1018ms)
			LoadAssemblies (87ms)
			RebuildTransferFunctionScriptingTraits (0ms)
			SetupTypeCache (322ms)
			ReleaseScriptCaches (1ms)
			RebuildScriptCaches (46ms)
			SetupLoadedEditorAssemblies (497ms)
				LogAssemblyErrors (0ms)
				InitializePlatformSupportModulesInManaged (19ms)
				SetLoadedEditorAssemblies (1ms)
				RefreshPlugins (1ms)
				BeforeProcessingInitializeOnLoad (93ms)
				ProcessInitializeOnLoadAttributes (333ms)
				ProcessInitializeOnLoadMethodAttributes (45ms)
				AfterProcessingInitializeOnLoad (4ms)
				EditorAssembliesLoaded (0ms)
			ExecutionOrderSort2 (0ms)
			AwakeInstancesAfterBackupRestoration (15ms)
Platform modules already initialized, skipping
Refreshing native plugins compatible for Editor in 2.23 ms, found 3 plugins.
Preloading 0 native plugins for Editor in 0.00 ms.
Unloading 3366 Unused Serialized files (Serialized files now loaded: 0)
Unloading 20 unused Assets / (78.5 KB). Loaded Objects now: 3862.
Memory consumption went from 133.0 MB to 133.0 MB.
Total: 5.067100 ms (FindLiveObjects: 0.351900 ms CreateObjectMapping: 0.344900 ms MarkObjects: 4.270500 ms  DeleteObjects: 0.098500 ms)

AssetImportParameters requested are different than current active one (requested -> active):
  custom:video-decoder-ogg-theora: a1e56fd34408186e4bbccfd4996cb3dc -> 
  custom:container-muxer-webm: aa71ff27fc2769a1b78a27578f13a17b -> 
  custom:container-demuxer-webm: 4f35f7cbe854078d1ac9338744f61a02 -> 
  custom:video-encoder-webm-vp8: eb34c28f22e8b96e1ab97ce403110664 -> 
  custom:audio-encoder-webm-vorbis: bf7c407c2cedff20999df2af8eb42d56 -> 
  custom:framework-win-MediaFoundation: 216162199b28c13a410421893ffa2e32 -> 
  custom:container-demuxer-ogg: 62fdf1f143b41e24485cea50d1cbac27 -> 
  custom:video-decoder-webm-vp8: 9c59270c3fd7afecdb556c50c9e8de78 -> 
  custom:audio-decoder-ogg-vorbis: bf7c407c2cedff20999df2af8eb42d56 -> 
========================================================================
Received Prepare
Registering precompiled user dll's ...
Registered in 0.004227 seconds.
Begin MonoManager ReloadAssembly
Symbol file LoadedFromMemory doesn't match image D:\.dev\game projects\2d-platform-game-in-3d\tryingtolearn\Library\PackageCache\com.unity.visualscripting@1.7.8\Editor\VisualScripting.Core\Dependencies\YamlDotNet\Unity.VisualScripting.YamlDotNet.dll
Symbol file LoadedFromMemory doesn't match image D:\.dev\game projects\2d-platform-game-in-3d\tryingtolearn\Library\PackageCache\com.unity.visualscripting@1.7.8\Editor\VisualScripting.Core\Dependencies\DotNetZip\Unity.VisualScripting.IonicZip.dll
Native extension for WindowsStandalone target not found
Native extension for WebGL target not found
Refreshing native plugins compatible for Editor in 0.69 ms, found 3 plugins.
Preloading 0 native plugins for Editor in 0.00 ms.
Mono: successfully reloaded assembly
- Completed reload, in  1.253 seconds
Domain Reload Profiling:
	ReloadAssembly (1254ms)
		BeginReloadAssembly (145ms)
			ExecutionOrderSort (0ms)
			DisableScriptedObjects (9ms)
			BackupInstance (0ms)
			ReleaseScriptingObjects (0ms)
			CreateAndSetChildDomain (38ms)
		EndReloadAssembly (999ms)
			LoadAssemblies (87ms)
			RebuildTransferFunctionScriptingTraits (0ms)
			SetupTypeCache (323ms)
			ReleaseScriptCaches (1ms)
			RebuildScriptCaches (48ms)
			SetupLoadedEditorAssemblies (478ms)
				LogAssemblyErrors (0ms)
				InitializePlatformSupportModulesInManaged (19ms)
				SetLoadedEditorAssemblies (1ms)
				RefreshPlugins (1ms)
				BeforeProcessingInitializeOnLoad (89ms)
				ProcessInitializeOnLoadAttributes (322ms)
				ProcessInitializeOnLoadMethodAttributes (41ms)
				AfterProcessingInitializeOnLoad (4ms)
				EditorAssembliesLoaded (0ms)
			ExecutionOrderSort2 (0ms)
			AwakeInstancesAfterBackupRestoration (9ms)
Platform modules already initialized, skipping
Refreshing native plugins compatible for Editor in 4.64 ms, found 3 plugins.
Preloading 0 native plugins for Editor in 0.00 ms.
Unloading 3366 Unused Serialized files (Serialized files now loaded: 0)
Unloading 20 unused Assets / (78.4 KB). Loaded Objects now: 3865.
Memory consumption went from 133.0 MB to 133.0 MB.
Total: 4.093100 ms (FindLiveObjects: 0.371100 ms CreateObjectMapping: 0.353400 ms MarkObjects: 3.267900 ms  DeleteObjects: 0.099600 ms)

AssetImportParameters requested are different than current active one (requested -> active):
  custom:video-decoder-ogg-theora: a1e56fd34408186e4bbccfd4996cb3dc -> 
  custom:container-muxer-webm: aa71ff27fc2769a1b78a27578f13a17b -> 
  custom:container-demuxer-webm: 4f35f7cbe854078d1ac9338744f61a02 -> 
  custom:video-encoder-webm-vp8: eb34c28f22e8b96e1ab97ce403110664 -> 
  custom:audio-encoder-webm-vorbis: bf7c407c2cedff20999df2af8eb42d56 -> 
  custom:framework-win-MediaFoundation: 216162199b28c13a410421893ffa2e32 -> 
  custom:container-demuxer-ogg: 62fdf1f143b41e24485cea50d1cbac27 -> 
  custom:video-decoder-webm-vp8: 9c59270c3fd7afecdb556c50c9e8de78 -> 
  custom:audio-decoder-ogg-vorbis: bf7c407c2cedff20999df2af8eb42d56 -> 
========================================================================
Received Import Request.
  Time since last request: 122.031093 seconds.
  path: Assets/scripts/collisions.cs
  artifactKey: Guid(02fd64faf47842c4c8f16e2398351282) Importer(815301076,1909f56bfc062723c751e8b465ee728b)
Start importing Assets/scripts/collisions.cs using Guid(02fd64faf47842c4c8f16e2398351282) Importer(815301076,1909f56bfc062723c751e8b465ee728b)  -> (artifact id: '41979698527d0325437a3ecaa4772781') in 0.018162 seconds 
========================================================================
Received Prepare
Registering precompiled user dll's ...
Registered in 0.005165 seconds.
Begin MonoManager ReloadAssembly
Symbol file LoadedFromMemory doesn't match image D:\.dev\game projects\2d-platform-game-in-3d\tryingtolearn\Library\PackageCache\com.unity.visualscripting@1.7.8\Editor\VisualScripting.Core\Dependencies\YamlDotNet\Unity.VisualScripting.YamlDotNet.dll
Symbol file LoadedFromMemory doesn't match image D:\.dev\game projects\2d-platform-game-in-3d\tryingtolearn\Library\PackageCache\com.unity.visualscripting@1.7.8\Editor\VisualScripting.Core\Dependencies\DotNetZip\Unity.VisualScripting.IonicZip.dll
Native extension for WindowsStandalone target not found
Native extension for WebGL target not found
Refreshing native plugins compatible for Editor in 0.66 ms, found 3 plugins.
Preloading 0 native plugins for Editor in 0.00 ms.
Mono: successfully reloaded assembly
- Completed reload, in  1.189 seconds
Domain Reload Profiling:
	ReloadAssembly (1189ms)
		BeginReloadAssembly (142ms)
			ExecutionOrderSort (0ms)
			DisableScriptedObjects (8ms)
			BackupInstance (0ms)
			ReleaseScriptingObjects (0ms)
			CreateAndSetChildDomain (38ms)
		EndReloadAssembly (936ms)
			LoadAssemblies (88ms)
			RebuildTransferFunctionScriptingTraits (0ms)
			SetupTypeCache (379ms)
			ReleaseScriptCaches (2ms)
			RebuildScriptCaches (49ms)
			SetupLoadedEditorAssemblies (370ms)
				LogAssemblyErrors (0ms)
				InitializePlatformSupportModulesInManaged (15ms)
				SetLoadedEditorAssemblies (1ms)
				RefreshPlugins (1ms)
				BeforeProcessingInitializeOnLoad (73ms)
				ProcessInitializeOnLoadAttributes (247ms)
				ProcessInitializeOnLoadMethodAttributes (31ms)
				AfterProcessingInitializeOnLoad (3ms)
				EditorAssembliesLoaded (0ms)
			ExecutionOrderSort2 (0ms)
			AwakeInstancesAfterBackupRestoration (7ms)
Platform modules already initialized, skipping
Refreshing native plugins compatible for Editor in 1.77 ms, found 3 plugins.
Preloading 0 native plugins for Editor in 0.00 ms.
Unloading 3366 Unused Serialized files (Serialized files now loaded: 0)
Unloading 20 unused Assets / (78.4 KB). Loaded Objects now: 3868.
Memory consumption went from 133.1 MB to 133.0 MB.
Total: 3.686600 ms (FindLiveObjects: 0.488100 ms CreateObjectMapping: 0.152000 ms MarkObjects: 2.936100 ms  DeleteObjects: 0.108700 ms)

AssetImportParameters requested are different than current active one (requested -> active):
  custom:video-decoder-ogg-theora: a1e56fd34408186e4bbccfd4996cb3dc -> 
  custom:container-muxer-webm: aa71ff27fc2769a1b78a27578f13a17b -> 
  custom:container-demuxer-webm: 4f35f7cbe854078d1ac9338744f61a02 -> 
  custom:video-encoder-webm-vp8: eb34c28f22e8b96e1ab97ce403110664 -> 
  custom:audio-encoder-webm-vorbis: bf7c407c2cedff20999df2af8eb42d56 -> 
  custom:framework-win-MediaFoundation: 216162199b28c13a410421893ffa2e32 -> 
  custom:container-demuxer-ogg: 62fdf1f143b41e24485cea50d1cbac27 -> 
  custom:video-decoder-webm-vp8: 9c59270c3fd7afecdb556c50c9e8de78 -> 
  custom:audio-decoder-ogg-vorbis: bf7c407c2cedff20999df2af8eb42d56 -> 
========================================================================
Received Prepare
Registering precompiled user dll's ...
Registered in 0.004286 seconds.
Begin MonoManager ReloadAssembly
Symbol file LoadedFromMemory doesn't match image D:\.dev\game projects\2d-platform-game-in-3d\tryingtolearn\Library\PackageCache\com.unity.visualscripting@1.7.8\Editor\VisualScripting.Core\Dependencies\YamlDotNet\Unity.VisualScripting.YamlDotNet.dll
Symbol file LoadedFromMemory doesn't match image D:\.dev\game projects\2d-platform-game-in-3d\tryingtolearn\Library\PackageCache\com.unity.visualscripting@1.7.8\Editor\VisualScripting.Core\Dependencies\DotNetZip\Unity.VisualScripting.IonicZip.dll
Native extension for WindowsStandalone target not found
Native extension for WebGL target not found
Refreshing native plugins compatible for Editor in 1.17 ms, found 3 plugins.
Preloading 0 native plugins for Editor in 0.00 ms.
Mono: successfully reloaded assembly
- Completed reload, in  1.609 seconds
Domain Reload Profiling:
	ReloadAssembly (1610ms)
		BeginReloadAssembly (145ms)
			ExecutionOrderSort (0ms)
			DisableScriptedObjects (7ms)
			BackupInstance (0ms)
			ReleaseScriptingObjects (0ms)
			CreateAndSetChildDomain (38ms)
		EndReloadAssembly (1350ms)
			LoadAssemblies (85ms)
			RebuildTransferFunctionScriptingTraits (0ms)
			SetupTypeCache (425ms)
			ReleaseScriptCaches (2ms)
			RebuildScriptCaches (85ms)
			SetupLoadedEditorAssemblies (627ms)
				LogAssemblyErrors (0ms)
				InitializePlatformSupportModulesInManaged (64ms)
				SetLoadedEditorAssemblies (3ms)
				RefreshPlugins (1ms)
				BeforeProcessingInitializeOnLoad (137ms)
				ProcessInitializeOnLoadAttributes (372ms)
				ProcessInitializeOnLoadMethodAttributes (45ms)
				AfterProcessingInitializeOnLoad (4ms)
				EditorAssembliesLoaded (0ms)
			ExecutionOrderSort2 (0ms)
			AwakeInstancesAfterBackupRestoration (9ms)
Platform modules already initialized, skipping
Refreshing native plugins compatible for Editor in 2.52 ms, found 3 plugins.
Preloading 0 native plugins for Editor in 0.00 ms.
Unloading 3366 Unused Serialized files (Serialized files now loaded: 0)
Unloading 20 unused Assets / (78.4 KB). Loaded Objects now: 3871.
Memory consumption went from 133.1 MB to 133.0 MB.
Total: 5.098100 ms (FindLiveObjects: 0.326700 ms CreateObjectMapping: 0.314700 ms MarkObjects: 4.353100 ms  DeleteObjects: 0.102300 ms)

AssetImportParameters requested are different than current active one (requested -> active):
  custom:video-decoder-ogg-theora: a1e56fd34408186e4bbccfd4996cb3dc -> 
  custom:container-muxer-webm: aa71ff27fc2769a1b78a27578f13a17b -> 
  custom:container-demuxer-webm: 4f35f7cbe854078d1ac9338744f61a02 -> 
  custom:video-encoder-webm-vp8: eb34c28f22e8b96e1ab97ce403110664 -> 
  custom:audio-encoder-webm-vorbis: bf7c407c2cedff20999df2af8eb42d56 -> 
  custom:framework-win-MediaFoundation: 216162199b28c13a410421893ffa2e32 -> 
  custom:container-demuxer-ogg: 62fdf1f143b41e24485cea50d1cbac27 -> 
  custom:video-decoder-webm-vp8: 9c59270c3fd7afecdb556c50c9e8de78 -> 
  custom:audio-decoder-ogg-vorbis: bf7c407c2cedff20999df2af8eb42d56 -> 
========================================================================
Received Import Request.
  Time since last request: 25.674450 seconds.
  path: Assets/scripts/collisions.cs
  artifactKey: Guid(02fd64faf47842c4c8f16e2398351282) Importer(815301076,1909f56bfc062723c751e8b465ee728b)
Start importing Assets/scripts/collisions.cs using Guid(02fd64faf47842c4c8f16e2398351282) Importer(815301076,1909f56bfc062723c751e8b465ee728b)  -> (artifact id: 'ee0c2901bd0bc25e61bf70b346f7f01a') in 0.008750 seconds 
========================================================================
Received Prepare
Registering precompiled user dll's ...
Registered in 0.004068 seconds.
Begin MonoManager ReloadAssembly
Symbol file LoadedFromMemory doesn't match image D:\.dev\game projects\2d-platform-game-in-3d\tryingtolearn\Library\PackageCache\com.unity.visualscripting@1.7.8\Editor\VisualScripting.Core\Dependencies\YamlDotNet\Unity.VisualScripting.YamlDotNet.dll
Symbol file LoadedFromMemory doesn't match image D:\.dev\game projects\2d-platform-game-in-3d\tryingtolearn\Library\PackageCache\com.unity.visualscripting@1.7.8\Editor\VisualScripting.Core\Dependencies\DotNetZip\Unity.VisualScripting.IonicZip.dll
Native extension for WindowsStandalone target not found
Native extension for WebGL target not found
Refreshing native plugins compatible for Editor in 0.64 ms, found 3 plugins.
Preloading 0 native plugins for Editor in 0.00 ms.
Mono: successfully reloaded assembly
- Completed reload, in  1.239 seconds
Domain Reload Profiling:
	ReloadAssembly (1240ms)
		BeginReloadAssembly (142ms)
			ExecutionOrderSort (0ms)
			DisableScriptedObjects (7ms)
			BackupInstance (0ms)
			ReleaseScriptingObjects (0ms)
			CreateAndSetChildDomain (39ms)
		EndReloadAssembly (985ms)
			LoadAssemblies (87ms)
			RebuildTransferFunctionScriptingTraits (0ms)
			SetupTypeCache (389ms)
			ReleaseScriptCaches (2ms)
			RebuildScriptCaches (51ms)
			SetupLoadedEditorAssemblies (400ms)
				LogAssemblyErrors (0ms)
				InitializePlatformSupportModulesInManaged (23ms)
				SetLoadedEditorAssemblies (1ms)
				RefreshPlugins (1ms)
				BeforeProcessingInitializeOnLoad (75ms)
				ProcessInitializeOnLoadAttributes (266ms)
				ProcessInitializeOnLoadMethodAttributes (32ms)
				AfterProcessingInitializeOnLoad (3ms)
				EditorAssembliesLoaded (0ms)
			ExecutionOrderSort2 (0ms)
			AwakeInstancesAfterBackupRestoration (7ms)
Platform modules already initialized, skipping
Refreshing native plugins compatible for Editor in 1.71 ms, found 3 plugins.
Preloading 0 native plugins for Editor in 0.00 ms.
Unloading 3366 Unused Serialized files (Serialized files now loaded: 0)
Unloading 20 unused Assets / (78.4 KB). Loaded Objects now: 3874.
Memory consumption went from 133.1 MB to 133.0 MB.
Total: 4.285100 ms (FindLiveObjects: 0.282900 ms CreateObjectMapping: 0.120600 ms MarkObjects: 3.777600 ms  DeleteObjects: 0.102700 ms)

AssetImportParameters requested are different than current active one (requested -> active):
  custom:video-decoder-ogg-theora: a1e56fd34408186e4bbccfd4996cb3dc -> 
  custom:container-muxer-webm: aa71ff27fc2769a1b78a27578f13a17b -> 
  custom:container-demuxer-webm: 4f35f7cbe854078d1ac9338744f61a02 -> 
  custom:video-encoder-webm-vp8: eb34c28f22e8b96e1ab97ce403110664 -> 
  custom:audio-encoder-webm-vorbis: bf7c407c2cedff20999df2af8eb42d56 -> 
  custom:framework-win-MediaFoundation: 216162199b28c13a410421893ffa2e32 -> 
  custom:container-demuxer-ogg: 62fdf1f143b41e24485cea50d1cbac27 -> 
  custom:video-decoder-webm-vp8: 9c59270c3fd7afecdb556c50c9e8de78 -> 
  custom:audio-decoder-ogg-vorbis: bf7c407c2cedff20999df2af8eb42d56 -> 
========================================================================
Received Prepare
Registering precompiled user dll's ...
Registered in 0.003876 seconds.
Begin MonoManager ReloadAssembly
Symbol file LoadedFromMemory doesn't match image D:\.dev\game projects\2d-platform-game-in-3d\tryingtolearn\Library\PackageCache\com.unity.visualscripting@1.7.8\Editor\VisualScripting.Core\Dependencies\YamlDotNet\Unity.VisualScripting.YamlDotNet.dll
Symbol file LoadedFromMemory doesn't match image D:\.dev\game projects\2d-platform-game-in-3d\tryingtolearn\Library\PackageCache\com.unity.visualscripting@1.7.8\Editor\VisualScripting.Core\Dependencies\DotNetZip\Unity.VisualScripting.IonicZip.dll
Native extension for WindowsStandalone target not found
Native extension for WebGL target not found
Refreshing native plugins compatible for Editor in 0.77 ms, found 3 plugins.
Preloading 0 native plugins for Editor in 0.00 ms.
Mono: successfully reloaded assembly
- Completed reload, in  1.380 seconds
Domain Reload Profiling:
	ReloadAssembly (1381ms)
		BeginReloadAssembly (145ms)
			ExecutionOrderSort (0ms)
			DisableScriptedObjects (7ms)
			BackupInstance (0ms)
			ReleaseScriptingObjects (0ms)
			CreateAndSetChildDomain (41ms)
		EndReloadAssembly (1119ms)
			LoadAssemblies (88ms)
			RebuildTransferFunctionScriptingTraits (0ms)
			SetupTypeCache (374ms)
			ReleaseScriptCaches (2ms)
			RebuildScriptCaches (65ms)
			SetupLoadedEditorAssemblies (497ms)
				LogAssemblyErrors (0ms)
				InitializePlatformSupportModulesInManaged (22ms)
				SetLoadedEditorAssemblies (1ms)
				RefreshPlugins (1ms)
				BeforeProcessingInitializeOnLoad (92ms)
				ProcessInitializeOnLoadAttributes (334ms)
				ProcessInitializeOnLoadMethodAttributes (43ms)
				AfterProcessingInitializeOnLoad (4ms)
				EditorAssembliesLoaded (0ms)
			ExecutionOrderSort2 (0ms)
			AwakeInstancesAfterBackupRestoration (9ms)
Platform modules already initialized, skipping
Refreshing native plugins compatible for Editor in 2.50 ms, found 3 plugins.
Preloading 0 native plugins for Editor in 0.00 ms.
Unloading 3366 Unused Serialized files (Serialized files now loaded: 0)
Unloading 20 unused Assets / (78.3 KB). Loaded Objects now: 3877.
Memory consumption went from 133.1 MB to 133.0 MB.
Total: 4.407600 ms (FindLiveObjects: 0.335100 ms CreateObjectMapping: 0.420000 ms MarkObjects: 3.517300 ms  DeleteObjects: 0.133900 ms)

AssetImportParameters requested are different than current active one (requested -> active):
  custom:video-decoder-ogg-theora: a1e56fd34408186e4bbccfd4996cb3dc -> 
  custom:container-muxer-webm: aa71ff27fc2769a1b78a27578f13a17b -> 
  custom:container-demuxer-webm: 4f35f7cbe854078d1ac9338744f61a02 -> 
  custom:video-encoder-webm-vp8: eb34c28f22e8b96e1ab97ce403110664 -> 
  custom:audio-encoder-webm-vorbis: bf7c407c2cedff20999df2af8eb42d56 -> 
  custom:framework-win-MediaFoundation: 216162199b28c13a410421893ffa2e32 -> 
  custom:container-demuxer-ogg: 62fdf1f143b41e24485cea50d1cbac27 -> 
  custom:video-decoder-webm-vp8: 9c59270c3fd7afecdb556c50c9e8de78 -> 
  custom:audio-decoder-ogg-vorbis: bf7c407c2cedff20999df2af8eb42d56 -> 
========================================================================
Received Prepare
Registering precompiled user dll's ...
Registered in 0.004374 seconds.
Begin MonoManager ReloadAssembly
Symbol file LoadedFromMemory doesn't match image D:\.dev\game projects\2d-platform-game-in-3d\tryingtolearn\Library\PackageCache\com.unity.visualscripting@1.7.8\Editor\VisualScripting.Core\Dependencies\YamlDotNet\Unity.VisualScripting.YamlDotNet.dll
Symbol file LoadedFromMemory doesn't match image D:\.dev\game projects\2d-platform-game-in-3d\tryingtolearn\Library\PackageCache\com.unity.visualscripting@1.7.8\Editor\VisualScripting.Core\Dependencies\DotNetZip\Unity.VisualScripting.IonicZip.dll
Native extension for WindowsStandalone target not found
Native extension for WebGL target not found
Refreshing native plugins compatible for Editor in 0.73 ms, found 3 plugins.
Preloading 0 native plugins for Editor in 0.00 ms.
Mono: successfully reloaded assembly
- Completed reload, in  1.456 seconds
Domain Reload Profiling:
	ReloadAssembly (1457ms)
		BeginReloadAssembly (196ms)
			ExecutionOrderSort (0ms)
			DisableScriptedObjects (8ms)
			BackupInstance (0ms)
			ReleaseScriptingObjects (0ms)
			CreateAndSetChildDomain (44ms)
		EndReloadAssembly (1118ms)
			LoadAssemblies (144ms)
			RebuildTransferFunctionScriptingTraits (0ms)
			SetupTypeCache (429ms)
			ReleaseScriptCaches (2ms)
			RebuildScriptCaches (50ms)
			SetupLoadedEditorAssemblies (469ms)
				LogAssemblyErrors (0ms)
				InitializePlatformSupportModulesInManaged (17ms)
				SetLoadedEditorAssemblies (1ms)
				RefreshPlugins (1ms)
				BeforeProcessingInitializeOnLoad (123ms)
				ProcessInitializeOnLoadAttributes (289ms)
				ProcessInitializeOnLoadMethodAttributes (36ms)
				AfterProcessingInitializeOnLoad (4ms)
				EditorAssembliesLoaded (0ms)
			ExecutionOrderSort2 (0ms)
			AwakeInstancesAfterBackupRestoration (8ms)
Platform modules already initialized, skipping
Refreshing native plugins compatible for Editor in 4.06 ms, found 3 plugins.
Preloading 0 native plugins for Editor in 0.00 ms.
Unloading 3366 Unused Serialized files (Serialized files now loaded: 0)
Unloading 20 unused Assets / (78.4 KB). Loaded Objects now: 3880.
Memory consumption went from 133.1 MB to 133.0 MB.
Total: 3.953000 ms (FindLiveObjects: 0.320100 ms CreateObjectMapping: 0.289900 ms MarkObjects: 3.244800 ms  DeleteObjects: 0.097100 ms)

AssetImportParameters requested are different than current active one (requested -> active):
  custom:video-decoder-ogg-theora: a1e56fd34408186e4bbccfd4996cb3dc -> 
  custom:container-muxer-webm: aa71ff27fc2769a1b78a27578f13a17b -> 
  custom:container-demuxer-webm: 4f35f7cbe854078d1ac9338744f61a02 -> 
  custom:video-encoder-webm-vp8: eb34c28f22e8b96e1ab97ce403110664 -> 
  custom:audio-encoder-webm-vorbis: bf7c407c2cedff20999df2af8eb42d56 -> 
  custom:framework-win-MediaFoundation: 216162199b28c13a410421893ffa2e32 -> 
  custom:container-demuxer-ogg: 62fdf1f143b41e24485cea50d1cbac27 -> 
  custom:video-decoder-webm-vp8: 9c59270c3fd7afecdb556c50c9e8de78 -> 
  custom:audio-decoder-ogg-vorbis: bf7c407c2cedff20999df2af8eb42d56 -> 
========================================================================
Received Prepare
Registering precompiled user dll's ...
Registered in 0.004098 seconds.
Begin MonoManager ReloadAssembly
Symbol file LoadedFromMemory doesn't match image D:\.dev\game projects\2d-platform-game-in-3d\tryingtolearn\Library\PackageCache\com.unity.visualscripting@1.7.8\Editor\VisualScripting.Core\Dependencies\YamlDotNet\Unity.VisualScripting.YamlDotNet.dll
Symbol file LoadedFromMemory doesn't match image D:\.dev\game projects\2d-platform-game-in-3d\tryingtolearn\Library\PackageCache\com.unity.visualscripting@1.7.8\Editor\VisualScripting.Core\Dependencies\DotNetZip\Unity.VisualScripting.IonicZip.dll
Native extension for WindowsStandalone target not found
Native extension for WebGL target not found
Refreshing native plugins compatible for Editor in 0.93 ms, found 3 plugins.
Preloading 0 native plugins for Editor in 0.00 ms.
Mono: successfully reloaded assembly
- Completed reload, in  1.379 seconds
Domain Reload Profiling:
	ReloadAssembly (1380ms)
		BeginReloadAssembly (164ms)
			ExecutionOrderSort (0ms)
			DisableScriptedObjects (7ms)
			BackupInstance (0ms)
			ReleaseScriptingObjects (0ms)
			CreateAndSetChildDomain (44ms)
		EndReloadAssembly (1098ms)
			LoadAssemblies (96ms)
			RebuildTransferFunctionScriptingTraits (0ms)
			SetupTypeCache (342ms)
			ReleaseScriptCaches (2ms)
			RebuildScriptCaches (59ms)
			SetupLoadedEditorAssemblies (525ms)
				LogAssemblyErrors (0ms)
				InitializePlatformSupportModulesInManaged (22ms)
				SetLoadedEditorAssemblies (1ms)
				RefreshPlugins (1ms)
				BeforeProcessingInitializeOnLoad (102ms)
				ProcessInitializeOnLoadAttributes (352ms)
				ProcessInitializeOnLoadMethodAttributes (43ms)
				AfterProcessingInitializeOnLoad (4ms)
				EditorAssembliesLoaded (0ms)
			ExecutionOrderSort2 (0ms)
			AwakeInstancesAfterBackupRestoration (10ms)
Platform modules already initialized, skipping
Refreshing native plugins compatible for Editor in 2.56 ms, found 3 plugins.
Preloading 0 native plugins for Editor in 0.00 ms.
Unloading 3366 Unused Serialized files (Serialized files now loaded: 0)
Unloading 20 unused Assets / (78.4 KB). Loaded Objects now: 3883.
Memory consumption went from 133.1 MB to 133.0 MB.
Total: 4.643700 ms (FindLiveObjects: 0.316100 ms CreateObjectMapping: 0.733300 ms MarkObjects: 3.379400 ms  DeleteObjects: 0.213600 ms)

AssetImportParameters requested are different than current active one (requested -> active):
  custom:video-decoder-ogg-theora: a1e56fd34408186e4bbccfd4996cb3dc -> 
  custom:container-muxer-webm: aa71ff27fc2769a1b78a27578f13a17b -> 
  custom:container-demuxer-webm: 4f35f7cbe854078d1ac9338744f61a02 -> 
  custom:video-encoder-webm-vp8: eb34c28f22e8b96e1ab97ce403110664 -> 
  custom:audio-encoder-webm-vorbis: bf7c407c2cedff20999df2af8eb42d56 -> 
  custom:framework-win-MediaFoundation: 216162199b28c13a410421893ffa2e32 -> 
  custom:container-demuxer-ogg: 62fdf1f143b41e24485cea50d1cbac27 -> 
  custom:video-decoder-webm-vp8: 9c59270c3fd7afecdb556c50c9e8de78 -> 
  custom:audio-decoder-ogg-vorbis: bf7c407c2cedff20999df2af8eb42d56 -> 
